[2022-08-06T23:54:20.056] [INFO] http - [requestId:af366fc7-8b94-424d-8872-f0aab88a02b4] logger.middleware.js(line: 29, column: 25): 
  >>>>>>>>>>>>>>>>>>>>>>>>>>>>>>>>>>>>>>>>>>>>>>>>>>>>>>>>>>>>>>>
    请求参数
    timestamp: 2022-08-06 23:54:20
    requestId: af366fc7-8b94-424d-8872-f0aab88a02b4,
    Request original url: /user/findUser
    Method: POST
    IP: ::1
    Status code: 200
    Params: {}
    Query: {}
    Body: {"username":"john"} 
  >>>>>>>>>>>>>>>>>>>>>>>>>>>>>>>>>>>>>>>>>>>>>>>>>>>>>>>>>>>>>>>>
  
[2022-08-06T23:54:20.060] [DEBUG] default - [requestId:filter] any-exception.filter.js(line: 34, column: 24): 
 TypeError: (0 , rxjs_1.lastValueFrom) is not a function
    at RouterResponseController.transformToResult (/Users/duyuefei/Nest项目模板/node_modules/@nestjs/core/router/router-response-controller.js:33:45)
    at /Users/duyuefei/Nest项目模板/node_modules/@nestjs/core/router/router-execution-context.js:174:52
    at /Users/duyuefei/Nest项目模板/node_modules/@nestjs/core/router/router-execution-context.js:47:19
    at processTicksAndRejections (node:internal/process/task_queues:96:5)
    at async /Users/duyuefei/Nest项目模板/node_modules/@nestjs/core/router/router-proxy.js:9:17
    at async /Users/duyuefei/Nest项目模板/node_modules/@nestjs/core/router/router-explorer.js:177:17
[2022-08-06T23:54:20.064] [ERROR] default - [requestId:af366fc7-8b94-424d-8872-f0aab88a02b4] any-exception.filter.js(line: 57, column: 24): 
 
    requestId: af366fc7-8b94-424d-8872-f0aab88a02b4,
    timestamp: 2022-08-06 23:54:20,
    ip: ::1,
    reqUrl: /user/findUser,
    reqMethod: POST,
    httpCode: SERVER_ERR,
    params: {},
    query: {},
    body: {"username":"john"},
    statusCode: 500,
    errorMsg: undefined,
  
[2022-08-06T23:55:48.437] [INFO] http - [requestId:e4c5e12e-50d4-4590-95ad-c4df36af5209] logger.middleware.js(line: 29, column: 25): 
  >>>>>>>>>>>>>>>>>>>>>>>>>>>>>>>>>>>>>>>>>>>>>>>>>>>>>>>>>>>>>>>
    请求参数
    timestamp: 2022-08-06 23:55:48
    requestId: e4c5e12e-50d4-4590-95ad-c4df36af5209,
    Request original url: /user/findUser
    Method: POST
    IP: ::1
    Status code: 200
    Params: {}
    Query: {}
    Body: {"username":"john"} 
  >>>>>>>>>>>>>>>>>>>>>>>>>>>>>>>>>>>>>>>>>>>>>>>>>>>>>>>>>>>>>>>>
  
[2022-08-06T23:55:48.442] [INFO] default - [requestId:e4c5e12e-50d4-4590-95ad-c4df36af5209] log.service.js(line: 22, column: 24): 
 {
  requestId: 'e4c5e12e-50d4-4590-95ad-c4df36af5209',
  timeCost: '3ms',
  userInfo: {},
  logInfo: { username: 'john' }
}
[2022-08-06T23:55:48.447] [INFO] http - [requestId:e4c5e12e-50d4-4590-95ad-c4df36af5209] response.interceptor.js(line: 27, column: 32): 
 
           requestId: e4c5e12e-50d4-4590-95ad-c4df36af5209
           result: [object Object]
           code: res.statusCode,
           time: 6ms
           
